2016-05-18 16:54:50,066 [Worker-24] INFO  o.e.m.c.i.l.LifecycleMappingFactory - Using org.maven.ide.eclipse.wtp.WarLifecycleMapping lifecycle mapping for MavenProject: SpaceRacer:SpaceRacer:0.0.1-SNAPSHOT @ /Users/timothybrunk/Desktop/game/SpaceRacer/pom.xml.
2016-05-18 16:54:51,624 [Worker-26] WARN  o.e.m.c.i.embedder.EclipseLogger - Using platform encoding (UTF-8 actually) to copy filtered resources, i.e. build is platform dependent!
2016-05-18 16:54:51,625 [Worker-26] INFO  o.e.m.c.i.embedder.EclipseLogger - skip non existing resourceDirectory /Users/timothybrunk/Desktop/game/SpaceRacer/src/main/resources
2016-05-18 16:54:51,628 [Worker-26] WARN  o.e.m.c.i.embedder.EclipseLogger - Using platform encoding (UTF-8 actually) to copy filtered resources, i.e. build is platform dependent!
2016-05-18 16:54:51,628 [Worker-26] INFO  o.e.m.c.i.embedder.EclipseLogger - skip non existing resourceDirectory /Users/timothybrunk/Desktop/game/SpaceRacer/src/test/resources
2016-05-18 16:54:51,659 [Worker-24] INFO  o.e.m.j.i.AbstractJavaProjectConfigurator - Adding source folder /SpaceRacer/src
2016-05-18 16:54:51,661 [Worker-24] INFO  o.e.m.j.i.AbstractJavaProjectConfigurator - Not adding source folder /SpaceRacer/src/test/java because it overlaps with /SpaceRacer/src
2016-05-18 16:54:52,135 [Worker-24] INFO  o.e.m.c.i.p.ProjectConfigurationManager - Update started
2016-05-18 16:54:52,582 [Worker-24] INFO  o.e.m.c.i.l.LifecycleMappingFactory - Using org.maven.ide.eclipse.wtp.WarLifecycleMapping lifecycle mapping for MavenProject: SpaceRacer:SpaceRacer:0.0.1-SNAPSHOT @ /Users/timothybrunk/Desktop/game/SpaceRacer/pom.xml.
2016-05-18 16:54:53,504 [Worker-23] WARN  o.e.m.c.i.embedder.EclipseLogger - Using platform encoding (UTF-8 actually) to copy filtered resources, i.e. build is platform dependent!
2016-05-18 16:54:53,505 [Worker-23] INFO  o.e.m.c.i.embedder.EclipseLogger - skip non existing resourceDirectory /Users/timothybrunk/Desktop/game/SpaceRacer/src/main/resources
2016-05-18 16:54:53,507 [Worker-23] WARN  o.e.m.c.i.embedder.EclipseLogger - Using platform encoding (UTF-8 actually) to copy filtered resources, i.e. build is platform dependent!
2016-05-18 16:54:53,508 [Worker-23] INFO  o.e.m.c.i.embedder.EclipseLogger - skip non existing resourceDirectory /Users/timothybrunk/Desktop/game/SpaceRacer/src/test/resources
2016-05-18 16:54:53,508 [Worker-23] INFO  o.e.m.w.i.f.ResourceFilteringBuildParticipant - Changed resources require a complete clean of filtered resources of SpaceRacer
2016-05-18 16:54:53,509 [Worker-23] INFO  o.e.m.w.i.f.ResourceFilteringBuildParticipant - Executing resource filtering for SpaceRacer
2016-05-18 16:54:53,516 [Worker-23] WARN  o.e.m.c.i.embedder.EclipseLogger - The POM for org.apache.maven.plugins:maven-clean-plugin:jar:2.5 is missing, no dependency information available
2016-05-18 16:54:53,526 [Worker-23] WARN  o.e.m.c.i.embedder.EclipseLogger - Using platform encoding (UTF-8 actually) to copy filtered resources, i.e. build is platform dependent!
2016-05-18 16:54:53,558 [Worker-24] INFO  o.e.m.j.i.AbstractJavaProjectConfigurator - Adding source folder /SpaceRacer/src
2016-05-18 16:54:53,560 [Worker-24] INFO  o.e.m.j.i.AbstractJavaProjectConfigurator - Not adding source folder /SpaceRacer/src/test/java because it overlaps with /SpaceRacer/src
2016-05-18 16:54:53,816 [Worker-24] INFO  o.e.m.w.i.f.ResourceFilteringBuildParticipant - Cleaning filtered folder for SpaceRacer
2016-05-18 16:54:53,829 [Worker-24] INFO  o.e.m.c.i.p.ProjectConfigurationManager - Update completed: 1 sec
2016-05-18 16:54:54,596 [Worker-23] WARN  o.e.m.c.i.embedder.EclipseLogger - Using platform encoding (UTF-8 actually) to copy filtered resources, i.e. build is platform dependent!
2016-05-18 16:54:54,597 [Worker-23] INFO  o.e.m.c.i.embedder.EclipseLogger - skip non existing resourceDirectory /Users/timothybrunk/Desktop/game/SpaceRacer/src/main/resources
2016-05-18 16:54:54,598 [Worker-23] WARN  o.e.m.c.i.embedder.EclipseLogger - Using platform encoding (UTF-8 actually) to copy filtered resources, i.e. build is platform dependent!
2016-05-18 16:54:54,605 [Worker-23] INFO  o.e.m.c.i.embedder.EclipseLogger - skip non existing resourceDirectory /Users/timothybrunk/Desktop/game/SpaceRacer/src/test/resources
2016-05-18 16:54:54,605 [Worker-23] INFO  o.e.m.w.i.f.ResourceFilteringBuildParticipant - Changed resources require a complete clean of filtered resources of SpaceRacer
2016-05-18 16:54:54,605 [Worker-23] INFO  o.e.m.w.i.f.ResourceFilteringBuildParticipant - Executing resource filtering for SpaceRacer
2016-05-18 16:54:54,612 [Worker-23] WARN  o.e.m.c.i.embedder.EclipseLogger - Using platform encoding (UTF-8 actually) to copy filtered resources, i.e. build is platform dependent!
2016-05-18 16:54:58,294 [Worker-30] INFO  o.e.m.c.i.l.LifecycleMappingFactory - Using org.maven.ide.eclipse.wtp.WarLifecycleMapping lifecycle mapping for MavenProject: FrockOverflowDWP:FrockOverflowDWP:0.0.1-SNAPSHOT @ /Users/timothybrunk/Desktop/game/SpaceRacer/pom.xml.
2016-05-18 16:54:59,435 [Worker-30] WARN  o.e.m.c.i.embedder.EclipseLogger - Using platform encoding (UTF-8 actually) to copy filtered resources, i.e. build is platform dependent!
2016-05-18 16:54:59,437 [Worker-30] INFO  o.e.m.c.i.embedder.EclipseLogger - skip non existing resourceDirectory /Users/timothybrunk/Desktop/game/SpaceRacer/src/main/resources
2016-05-18 16:54:59,440 [Worker-30] WARN  o.e.m.c.i.embedder.EclipseLogger - Using platform encoding (UTF-8 actually) to copy filtered resources, i.e. build is platform dependent!
2016-05-18 16:54:59,440 [Worker-30] INFO  o.e.m.c.i.embedder.EclipseLogger - skip non existing resourceDirectory /Users/timothybrunk/Desktop/game/SpaceRacer/src/test/resources
2016-05-18 16:54:59,441 [Worker-30] INFO  o.e.m.w.i.f.ResourceFilteringBuildParticipant - Changed resources require a complete clean of filtered resources of SpaceRacer
2016-05-18 16:54:59,441 [Worker-30] INFO  o.e.m.w.i.f.ResourceFilteringBuildParticipant - Executing resource filtering for SpaceRacer
2016-05-18 16:54:59,446 [Worker-30] WARN  o.e.m.c.i.embedder.EclipseLogger - Using platform encoding (UTF-8 actually) to copy filtered resources, i.e. build is platform dependent!
2016-05-18 16:55:00,692 [Worker-30] WARN  o.e.m.c.i.embedder.EclipseLogger - Using platform encoding (UTF-8 actually) to copy filtered resources, i.e. build is platform dependent!
2016-05-18 16:55:00,694 [Worker-30] INFO  o.e.m.c.i.embedder.EclipseLogger - skip non existing resourceDirectory /Users/timothybrunk/Desktop/game/SpaceRacer/src/main/resources
2016-05-18 16:55:00,696 [Worker-30] WARN  o.e.m.c.i.embedder.EclipseLogger - Using platform encoding (UTF-8 actually) to copy filtered resources, i.e. build is platform dependent!
2016-05-18 16:55:00,698 [Worker-30] INFO  o.e.m.c.i.embedder.EclipseLogger - skip non existing resourceDirectory /Users/timothybrunk/Desktop/game/SpaceRacer/src/test/resources
2016-05-18 16:55:39,324 [Worker-29] WARN  o.e.m.c.i.embedder.EclipseLogger - Using platform encoding (UTF-8 actually) to copy filtered resources, i.e. build is platform dependent!
2016-05-18 16:55:39,326 [Worker-29] INFO  o.e.m.c.i.embedder.EclipseLogger - skip non existing resourceDirectory /Users/timothybrunk/Desktop/game/SpaceRacer/src/main/resources
2016-05-18 16:55:39,327 [Worker-29] WARN  o.e.m.c.i.embedder.EclipseLogger - Using platform encoding (UTF-8 actually) to copy filtered resources, i.e. build is platform dependent!
2016-05-18 16:55:39,328 [Worker-29] INFO  o.e.m.c.i.embedder.EclipseLogger - skip non existing resourceDirectory /Users/timothybrunk/Desktop/game/SpaceRacer/src/test/resources
2016-05-18 16:56:06,239 [Worker-30] WARN  o.e.m.c.i.embedder.EclipseLogger - Using platform encoding (UTF-8 actually) to copy filtered resources, i.e. build is platform dependent!
2016-05-18 16:56:06,240 [Worker-30] INFO  o.e.m.c.i.embedder.EclipseLogger - skip non existing resourceDirectory /Users/timothybrunk/Desktop/game/SpaceRacer/src/main/resources
2016-05-18 16:56:06,241 [Worker-30] WARN  o.e.m.c.i.embedder.EclipseLogger - Using platform encoding (UTF-8 actually) to copy filtered resources, i.e. build is platform dependent!
2016-05-18 16:56:06,242 [Worker-30] INFO  o.e.m.c.i.embedder.EclipseLogger - skip non existing resourceDirectory /Users/timothybrunk/Desktop/game/SpaceRacer/src/test/resources
2016-05-18 20:26:49,621 [Worker-43] WARN  o.e.m.c.i.embedder.EclipseLogger - Using platform encoding (UTF-8 actually) to copy filtered resources, i.e. build is platform dependent!
2016-05-18 20:26:49,623 [Worker-43] INFO  o.e.m.c.i.embedder.EclipseLogger - skip non existing resourceDirectory /Users/timothybrunk/Desktop/game/SpaceRacer/src/main/resources
2016-05-18 20:26:49,625 [Worker-43] WARN  o.e.m.c.i.embedder.EclipseLogger - Using platform encoding (UTF-8 actually) to copy filtered resources, i.e. build is platform dependent!
2016-05-18 20:26:49,625 [Worker-43] INFO  o.e.m.c.i.embedder.EclipseLogger - skip non existing resourceDirectory /Users/timothybrunk/Desktop/game/SpaceRacer/src/test/resources
2016-05-18 20:31:27,518 [Worker-44] WARN  o.e.m.c.i.embedder.EclipseLogger - Using platform encoding (UTF-8 actually) to copy filtered resources, i.e. build is platform dependent!
2016-05-18 20:31:27,521 [Worker-44] INFO  o.e.m.c.i.embedder.EclipseLogger - skip non existing resourceDirectory /Users/timothybrunk/Desktop/game/SpaceRacer/src/main/resources
2016-05-18 20:31:27,523 [Worker-44] WARN  o.e.m.c.i.embedder.EclipseLogger - Using platform encoding (UTF-8 actually) to copy filtered resources, i.e. build is platform dependent!
2016-05-18 20:31:27,523 [Worker-44] INFO  o.e.m.c.i.embedder.EclipseLogger - skip non existing resourceDirectory /Users/timothybrunk/Desktop/game/SpaceRacer/src/test/resources
2016-05-18 20:31:36,011 [Worker-36] WARN  o.e.m.c.i.embedder.EclipseLogger - Using platform encoding (UTF-8 actually) to copy filtered resources, i.e. build is platform dependent!
2016-05-18 20:31:36,013 [Worker-36] INFO  o.e.m.c.i.embedder.EclipseLogger - skip non existing resourceDirectory /Users/timothybrunk/Desktop/game/SpaceRacer/src/main/resources
2016-05-18 20:31:36,016 [Worker-36] WARN  o.e.m.c.i.embedder.EclipseLogger - Using platform encoding (UTF-8 actually) to copy filtered resources, i.e. build is platform dependent!
2016-05-18 20:31:36,017 [Worker-36] INFO  o.e.m.c.i.embedder.EclipseLogger - skip non existing resourceDirectory /Users/timothybrunk/Desktop/game/SpaceRacer/src/test/resources
2016-05-19 08:54:59,400 [Worker-44] WARN  o.e.m.c.i.embedder.EclipseLogger - Using platform encoding (UTF-8 actually) to copy filtered resources, i.e. build is platform dependent!
2016-05-19 08:54:59,402 [Worker-44] INFO  o.e.m.c.i.embedder.EclipseLogger - skip non existing resourceDirectory /Users/timothybrunk/Desktop/game/SpaceRacer/src/main/resources
2016-05-19 08:54:59,405 [Worker-44] WARN  o.e.m.c.i.embedder.EclipseLogger - Using platform encoding (UTF-8 actually) to copy filtered resources, i.e. build is platform dependent!
2016-05-19 08:54:59,406 [Worker-44] INFO  o.e.m.c.i.embedder.EclipseLogger - skip non existing resourceDirectory /Users/timothybrunk/Desktop/game/SpaceRacer/src/test/resources
2016-05-19 09:00:31,558 [Worker-44] WARN  o.e.m.c.i.embedder.EclipseLogger - Using platform encoding (UTF-8 actually) to copy filtered resources, i.e. build is platform dependent!
2016-05-19 09:00:31,559 [Worker-44] INFO  o.e.m.c.i.embedder.EclipseLogger - skip non existing resourceDirectory /Users/timothybrunk/Desktop/game/SpaceRacer/src/main/resources
2016-05-19 09:00:31,561 [Worker-44] WARN  o.e.m.c.i.embedder.EclipseLogger - Using platform encoding (UTF-8 actually) to copy filtered resources, i.e. build is platform dependent!
2016-05-19 09:00:31,561 [Worker-44] INFO  o.e.m.c.i.embedder.EclipseLogger - skip non existing resourceDirectory /Users/timothybrunk/Desktop/game/SpaceRacer/src/test/resources
2016-05-19 09:20:13,704 [Worker-44] WARN  o.e.m.c.i.embedder.EclipseLogger - Using platform encoding (UTF-8 actually) to copy filtered resources, i.e. build is platform dependent!
2016-05-19 09:20:13,705 [Worker-44] INFO  o.e.m.c.i.embedder.EclipseLogger - skip non existing resourceDirectory /Users/timothybrunk/Desktop/game/SpaceRacer/src/main/resources
2016-05-19 09:20:13,707 [Worker-44] WARN  o.e.m.c.i.embedder.EclipseLogger - Using platform encoding (UTF-8 actually) to copy filtered resources, i.e. build is platform dependent!
2016-05-19 09:20:13,708 [Worker-44] INFO  o.e.m.c.i.embedder.EclipseLogger - skip non existing resourceDirectory /Users/timothybrunk/Desktop/game/SpaceRacer/src/test/resources
2016-05-19 09:20:20,171 [Worker-69] WARN  o.e.m.c.i.embedder.EclipseLogger - Using platform encoding (UTF-8 actually) to copy filtered resources, i.e. build is platform dependent!
2016-05-19 09:20:20,171 [Worker-69] INFO  o.e.m.c.i.embedder.EclipseLogger - skip non existing resourceDirectory /Users/timothybrunk/Desktop/game/SpaceRacer/src/main/resources
2016-05-19 09:20:20,173 [Worker-69] WARN  o.e.m.c.i.embedder.EclipseLogger - Using platform encoding (UTF-8 actually) to copy filtered resources, i.e. build is platform dependent!
2016-05-19 09:20:20,174 [Worker-69] INFO  o.e.m.c.i.embedder.EclipseLogger - skip non existing resourceDirectory /Users/timothybrunk/Desktop/game/SpaceRacer/src/test/resources
2016-05-19 09:20:46,732 [Worker-44] WARN  o.e.m.c.i.embedder.EclipseLogger - Using platform encoding (UTF-8 actually) to copy filtered resources, i.e. build is platform dependent!
2016-05-19 09:20:46,733 [Worker-44] INFO  o.e.m.c.i.embedder.EclipseLogger - skip non existing resourceDirectory /Users/timothybrunk/Desktop/game/SpaceRacer/src/main/resources
2016-05-19 09:20:46,735 [Worker-44] WARN  o.e.m.c.i.embedder.EclipseLogger - Using platform encoding (UTF-8 actually) to copy filtered resources, i.e. build is platform dependent!
2016-05-19 09:20:46,735 [Worker-44] INFO  o.e.m.c.i.embedder.EclipseLogger - skip non existing resourceDirectory /Users/timothybrunk/Desktop/game/SpaceRacer/src/test/resources
2016-05-19 09:21:55,066 [Worker-72] WARN  o.e.m.c.i.embedder.EclipseLogger - Using platform encoding (UTF-8 actually) to copy filtered resources, i.e. build is platform dependent!
2016-05-19 09:21:55,067 [Worker-72] INFO  o.e.m.c.i.embedder.EclipseLogger - skip non existing resourceDirectory /Users/timothybrunk/Desktop/game/SpaceRacer/src/main/resources
2016-05-19 09:21:55,068 [Worker-72] WARN  o.e.m.c.i.embedder.EclipseLogger - Using platform encoding (UTF-8 actually) to copy filtered resources, i.e. build is platform dependent!
2016-05-19 09:21:55,069 [Worker-72] INFO  o.e.m.c.i.embedder.EclipseLogger - skip non existing resourceDirectory /Users/timothybrunk/Desktop/game/SpaceRacer/src/test/resources
2016-05-19 09:22:04,569 [Worker-70] WARN  o.e.m.c.i.embedder.EclipseLogger - Using platform encoding (UTF-8 actually) to copy filtered resources, i.e. build is platform dependent!
2016-05-19 09:22:04,570 [Worker-70] INFO  o.e.m.c.i.embedder.EclipseLogger - skip non existing resourceDirectory /Users/timothybrunk/Desktop/game/SpaceRacer/src/main/resources
2016-05-19 09:22:04,571 [Worker-70] WARN  o.e.m.c.i.embedder.EclipseLogger - Using platform encoding (UTF-8 actually) to copy filtered resources, i.e. build is platform dependent!
2016-05-19 09:22:04,571 [Worker-70] INFO  o.e.m.c.i.embedder.EclipseLogger - skip non existing resourceDirectory /Users/timothybrunk/Desktop/game/SpaceRacer/src/test/resources
2016-05-19 09:22:53,891 [Worker-72] INFO  o.e.m.c.i.l.LifecycleMappingFactory - Using org.maven.ide.eclipse.wtp.WarLifecycleMapping lifecycle mapping for MavenProject: SpaceRacer:SpaceRacer:0.0.1-SNAPSHOT @ /Users/timothybrunk/Desktop/game/SpaceRacer/pom.xml.
2016-05-19 09:22:55,576 [Worker-72] WARN  o.e.m.c.i.embedder.EclipseLogger - Using platform encoding (UTF-8 actually) to copy filtered resources, i.e. build is platform dependent!
2016-05-19 09:22:55,577 [Worker-72] INFO  o.e.m.c.i.embedder.EclipseLogger - skip non existing resourceDirectory /Users/timothybrunk/Desktop/game/SpaceRacer/src/main/resources
2016-05-19 09:22:55,580 [Worker-72] WARN  o.e.m.c.i.embedder.EclipseLogger - Using platform encoding (UTF-8 actually) to copy filtered resources, i.e. build is platform dependent!
2016-05-19 09:22:55,580 [Worker-72] INFO  o.e.m.c.i.embedder.EclipseLogger - skip non existing resourceDirectory /Users/timothybrunk/Desktop/game/SpaceRacer/src/test/resources
2016-05-19 09:22:55,581 [Worker-72] INFO  o.e.m.w.i.f.ResourceFilteringBuildParticipant - Changed resources require a complete clean of filtered resources of SpaceRacer
2016-05-19 09:22:55,581 [Worker-72] INFO  o.e.m.w.i.f.ResourceFilteringBuildParticipant - Executing resource filtering for SpaceRacer
2016-05-19 09:22:55,588 [Worker-72] WARN  o.e.m.c.i.embedder.EclipseLogger - Using platform encoding (UTF-8 actually) to copy filtered resources, i.e. build is platform dependent!
2016-05-19 09:23:49,350 [Worker-72] WARN  o.e.m.c.i.embedder.EclipseLogger - Using platform encoding (UTF-8 actually) to copy filtered resources, i.e. build is platform dependent!
2016-05-19 09:23:49,351 [Worker-72] INFO  o.e.m.c.i.embedder.EclipseLogger - skip non existing resourceDirectory /Users/timothybrunk/Desktop/game/SpaceRacer/src/main/resources
2016-05-19 09:23:49,353 [Worker-72] WARN  o.e.m.c.i.embedder.EclipseLogger - Using platform encoding (UTF-8 actually) to copy filtered resources, i.e. build is platform dependent!
2016-05-19 09:23:49,353 [Worker-72] INFO  o.e.m.c.i.embedder.EclipseLogger - skip non existing resourceDirectory /Users/timothybrunk/Desktop/game/SpaceRacer/src/test/resources
2016-05-19 09:24:12,771 [Worker-72] WARN  o.e.m.c.i.embedder.EclipseLogger - Using platform encoding (UTF-8 actually) to copy filtered resources, i.e. build is platform dependent!
2016-05-19 09:24:12,771 [Worker-72] INFO  o.e.m.c.i.embedder.EclipseLogger - skip non existing resourceDirectory /Users/timothybrunk/Desktop/game/SpaceRacer/src/main/resources
2016-05-19 09:24:12,772 [Worker-72] WARN  o.e.m.c.i.embedder.EclipseLogger - Using platform encoding (UTF-8 actually) to copy filtered resources, i.e. build is platform dependent!
2016-05-19 09:24:12,773 [Worker-72] INFO  o.e.m.c.i.embedder.EclipseLogger - skip non existing resourceDirectory /Users/timothybrunk/Desktop/game/SpaceRacer/src/test/resources
2016-05-19 09:24:36,074 [Worker-72] WARN  o.e.m.c.i.embedder.EclipseLogger - Using platform encoding (UTF-8 actually) to copy filtered resources, i.e. build is platform dependent!
2016-05-19 09:24:36,075 [Worker-72] INFO  o.e.m.c.i.embedder.EclipseLogger - skip non existing resourceDirectory /Users/timothybrunk/Desktop/game/SpaceRacer/src/main/resources
2016-05-19 09:24:36,076 [Worker-72] WARN  o.e.m.c.i.embedder.EclipseLogger - Using platform encoding (UTF-8 actually) to copy filtered resources, i.e. build is platform dependent!
2016-05-19 09:24:36,076 [Worker-72] INFO  o.e.m.c.i.embedder.EclipseLogger - skip non existing resourceDirectory /Users/timothybrunk/Desktop/game/SpaceRacer/src/test/resources
2016-05-19 09:29:16,496 [Worker-44] WARN  o.e.m.c.i.embedder.EclipseLogger - Using platform encoding (UTF-8 actually) to copy filtered resources, i.e. build is platform dependent!
2016-05-19 09:29:16,496 [Worker-44] INFO  o.e.m.c.i.embedder.EclipseLogger - skip non existing resourceDirectory /Users/timothybrunk/Desktop/game/SpaceRacer/src/main/resources
2016-05-19 09:29:16,497 [Worker-44] WARN  o.e.m.c.i.embedder.EclipseLogger - Using platform encoding (UTF-8 actually) to copy filtered resources, i.e. build is platform dependent!
2016-05-19 09:29:16,498 [Worker-44] INFO  o.e.m.c.i.embedder.EclipseLogger - skip non existing resourceDirectory /Users/timothybrunk/Desktop/game/SpaceRacer/src/test/resources
2016-05-19 09:29:36,822 [Worker-69] WARN  o.e.m.c.i.embedder.EclipseLogger - Using platform encoding (UTF-8 actually) to copy filtered resources, i.e. build is platform dependent!
2016-05-19 09:29:36,823 [Worker-69] INFO  o.e.m.c.i.embedder.EclipseLogger - skip non existing resourceDirectory /Users/timothybrunk/Desktop/game/SpaceRacer/src/main/resources
2016-05-19 09:29:36,825 [Worker-69] WARN  o.e.m.c.i.embedder.EclipseLogger - Using platform encoding (UTF-8 actually) to copy filtered resources, i.e. build is platform dependent!
2016-05-19 09:29:36,825 [Worker-69] INFO  o.e.m.c.i.embedder.EclipseLogger - skip non existing resourceDirectory /Users/timothybrunk/Desktop/game/SpaceRacer/src/test/resources
2016-05-19 09:30:37,711 [Worker-44] WARN  o.e.m.c.i.embedder.EclipseLogger - Using platform encoding (UTF-8 actually) to copy filtered resources, i.e. build is platform dependent!
2016-05-19 09:30:37,712 [Worker-44] INFO  o.e.m.c.i.embedder.EclipseLogger - skip non existing resourceDirectory /Users/timothybrunk/Desktop/game/SpaceRacer/src/main/resources
2016-05-19 09:30:37,713 [Worker-44] WARN  o.e.m.c.i.embedder.EclipseLogger - Using platform encoding (UTF-8 actually) to copy filtered resources, i.e. build is platform dependent!
2016-05-19 09:30:37,714 [Worker-44] INFO  o.e.m.c.i.embedder.EclipseLogger - skip non existing resourceDirectory /Users/timothybrunk/Desktop/game/SpaceRacer/src/test/resources
2016-05-19 09:31:11,038 [Worker-70] WARN  o.e.m.c.i.embedder.EclipseLogger - Using platform encoding (UTF-8 actually) to copy filtered resources, i.e. build is platform dependent!
2016-05-19 09:31:11,039 [Worker-70] INFO  o.e.m.c.i.embedder.EclipseLogger - skip non existing resourceDirectory /Users/timothybrunk/Desktop/game/SpaceRacer/src/main/resources
2016-05-19 09:31:11,040 [Worker-70] WARN  o.e.m.c.i.embedder.EclipseLogger - Using platform encoding (UTF-8 actually) to copy filtered resources, i.e. build is platform dependent!
2016-05-19 09:31:11,042 [Worker-70] INFO  o.e.m.c.i.embedder.EclipseLogger - skip non existing resourceDirectory /Users/timothybrunk/Desktop/game/SpaceRacer/src/test/resources
2016-05-19 09:31:26,002 [Worker-62] WARN  o.e.m.c.i.embedder.EclipseLogger - Using platform encoding (UTF-8 actually) to copy filtered resources, i.e. build is platform dependent!
2016-05-19 09:31:26,002 [Worker-62] INFO  o.e.m.c.i.embedder.EclipseLogger - skip non existing resourceDirectory /Users/timothybrunk/Desktop/game/SpaceRacer/src/main/resources
2016-05-19 09:31:26,003 [Worker-62] WARN  o.e.m.c.i.embedder.EclipseLogger - Using platform encoding (UTF-8 actually) to copy filtered resources, i.e. build is platform dependent!
2016-05-19 09:31:26,004 [Worker-62] INFO  o.e.m.c.i.embedder.EclipseLogger - skip non existing resourceDirectory /Users/timothybrunk/Desktop/game/SpaceRacer/src/test/resources
2016-05-19 09:34:17,601 [Worker-62] WARN  o.e.m.c.i.embedder.EclipseLogger - Using platform encoding (UTF-8 actually) to copy filtered resources, i.e. build is platform dependent!
2016-05-19 09:34:17,603 [Worker-62] INFO  o.e.m.c.i.embedder.EclipseLogger - skip non existing resourceDirectory /Users/timothybrunk/Desktop/game/SpaceRacer/src/main/resources
2016-05-19 09:34:17,604 [Worker-62] WARN  o.e.m.c.i.embedder.EclipseLogger - Using platform encoding (UTF-8 actually) to copy filtered resources, i.e. build is platform dependent!
2016-05-19 09:34:17,605 [Worker-62] INFO  o.e.m.c.i.embedder.EclipseLogger - skip non existing resourceDirectory /Users/timothybrunk/Desktop/game/SpaceRacer/src/test/resources
2016-05-19 09:34:28,603 [Worker-74] WARN  o.e.m.c.i.embedder.EclipseLogger - Using platform encoding (UTF-8 actually) to copy filtered resources, i.e. build is platform dependent!
2016-05-19 09:34:28,606 [Worker-74] INFO  o.e.m.c.i.embedder.EclipseLogger - skip non existing resourceDirectory /Users/timothybrunk/Desktop/game/SpaceRacer/src/main/resources
2016-05-19 09:34:28,608 [Worker-74] WARN  o.e.m.c.i.embedder.EclipseLogger - Using platform encoding (UTF-8 actually) to copy filtered resources, i.e. build is platform dependent!
2016-05-19 09:34:28,608 [Worker-74] INFO  o.e.m.c.i.embedder.EclipseLogger - skip non existing resourceDirectory /Users/timothybrunk/Desktop/game/SpaceRacer/src/test/resources
2016-05-19 09:35:47,223 [Worker-74] WARN  o.e.m.c.i.embedder.EclipseLogger - Using platform encoding (UTF-8 actually) to copy filtered resources, i.e. build is platform dependent!
2016-05-19 09:35:47,223 [Worker-74] INFO  o.e.m.c.i.embedder.EclipseLogger - skip non existing resourceDirectory /Users/timothybrunk/Desktop/game/SpaceRacer/src/main/resources
2016-05-19 09:35:47,224 [Worker-74] WARN  o.e.m.c.i.embedder.EclipseLogger - Using platform encoding (UTF-8 actually) to copy filtered resources, i.e. build is platform dependent!
2016-05-19 09:35:47,225 [Worker-74] INFO  o.e.m.c.i.embedder.EclipseLogger - skip non existing resourceDirectory /Users/timothybrunk/Desktop/game/SpaceRacer/src/test/resources
2016-05-19 09:36:06,122 [Worker-62] WARN  o.e.m.c.i.embedder.EclipseLogger - Using platform encoding (UTF-8 actually) to copy filtered resources, i.e. build is platform dependent!
2016-05-19 09:36:06,122 [Worker-62] INFO  o.e.m.c.i.embedder.EclipseLogger - skip non existing resourceDirectory /Users/timothybrunk/Desktop/game/SpaceRacer/src/main/resources
2016-05-19 09:36:06,124 [Worker-62] WARN  o.e.m.c.i.embedder.EclipseLogger - Using platform encoding (UTF-8 actually) to copy filtered resources, i.e. build is platform dependent!
2016-05-19 09:36:06,124 [Worker-62] INFO  o.e.m.c.i.embedder.EclipseLogger - skip non existing resourceDirectory /Users/timothybrunk/Desktop/game/SpaceRacer/src/test/resources
2016-05-19 09:36:54,691 [Worker-69] WARN  o.e.m.c.i.embedder.EclipseLogger - Using platform encoding (UTF-8 actually) to copy filtered resources, i.e. build is platform dependent!
2016-05-19 09:36:54,692 [Worker-69] INFO  o.e.m.c.i.embedder.EclipseLogger - skip non existing resourceDirectory /Users/timothybrunk/Desktop/game/SpaceRacer/src/main/resources
2016-05-19 09:36:54,693 [Worker-69] WARN  o.e.m.c.i.embedder.EclipseLogger - Using platform encoding (UTF-8 actually) to copy filtered resources, i.e. build is platform dependent!
2016-05-19 09:36:54,693 [Worker-69] INFO  o.e.m.c.i.embedder.EclipseLogger - skip non existing resourceDirectory /Users/timothybrunk/Desktop/game/SpaceRacer/src/test/resources
2016-05-19 09:37:00,551 [Worker-62] WARN  o.e.m.c.i.embedder.EclipseLogger - Using platform encoding (UTF-8 actually) to copy filtered resources, i.e. build is platform dependent!
2016-05-19 09:37:00,552 [Worker-62] INFO  o.e.m.c.i.embedder.EclipseLogger - skip non existing resourceDirectory /Users/timothybrunk/Desktop/game/SpaceRacer/src/main/resources
2016-05-19 09:37:00,553 [Worker-62] WARN  o.e.m.c.i.embedder.EclipseLogger - Using platform encoding (UTF-8 actually) to copy filtered resources, i.e. build is platform dependent!
2016-05-19 09:37:00,554 [Worker-62] INFO  o.e.m.c.i.embedder.EclipseLogger - skip non existing resourceDirectory /Users/timothybrunk/Desktop/game/SpaceRacer/src/test/resources
2016-05-19 10:04:12,974 [Worker-75] WARN  o.e.m.c.i.embedder.EclipseLogger - Using platform encoding (UTF-8 actually) to copy filtered resources, i.e. build is platform dependent!
2016-05-19 10:04:12,976 [Worker-75] INFO  o.e.m.c.i.embedder.EclipseLogger - skip non existing resourceDirectory /Users/timothybrunk/Desktop/game/SpaceRacer/src/main/resources
2016-05-19 10:04:12,978 [Worker-75] WARN  o.e.m.c.i.embedder.EclipseLogger - Using platform encoding (UTF-8 actually) to copy filtered resources, i.e. build is platform dependent!
2016-05-19 10:04:12,978 [Worker-75] INFO  o.e.m.c.i.embedder.EclipseLogger - skip non existing resourceDirectory /Users/timothybrunk/Desktop/game/SpaceRacer/src/test/resources
2016-05-19 10:11:30,435 [Worker-75] WARN  o.e.m.c.i.embedder.EclipseLogger - Using platform encoding (UTF-8 actually) to copy filtered resources, i.e. build is platform dependent!
2016-05-19 10:11:30,436 [Worker-75] INFO  o.e.m.c.i.embedder.EclipseLogger - skip non existing resourceDirectory /Users/timothybrunk/Desktop/game/SpaceRacer/src/main/resources
2016-05-19 10:11:30,437 [Worker-75] WARN  o.e.m.c.i.embedder.EclipseLogger - Using platform encoding (UTF-8 actually) to copy filtered resources, i.e. build is platform dependent!
2016-05-19 10:11:30,437 [Worker-75] INFO  o.e.m.c.i.embedder.EclipseLogger - skip non existing resourceDirectory /Users/timothybrunk/Desktop/game/SpaceRacer/src/test/resources
2016-05-19 10:11:53,861 [Worker-75] WARN  o.e.m.c.i.embedder.EclipseLogger - Using platform encoding (UTF-8 actually) to copy filtered resources, i.e. build is platform dependent!
2016-05-19 10:11:53,862 [Worker-75] INFO  o.e.m.c.i.embedder.EclipseLogger - skip non existing resourceDirectory /Users/timothybrunk/Desktop/game/SpaceRacer/src/main/resources
2016-05-19 10:11:53,863 [Worker-75] WARN  o.e.m.c.i.embedder.EclipseLogger - Using platform encoding (UTF-8 actually) to copy filtered resources, i.e. build is platform dependent!
2016-05-19 10:11:53,864 [Worker-75] INFO  o.e.m.c.i.embedder.EclipseLogger - skip non existing resourceDirectory /Users/timothybrunk/Desktop/game/SpaceRacer/src/test/resources
2016-05-19 10:12:25,851 [Worker-69] WARN  o.e.m.c.i.embedder.EclipseLogger - Using platform encoding (UTF-8 actually) to copy filtered resources, i.e. build is platform dependent!
2016-05-19 10:12:25,851 [Worker-69] INFO  o.e.m.c.i.embedder.EclipseLogger - skip non existing resourceDirectory /Users/timothybrunk/Desktop/game/SpaceRacer/src/main/resources
2016-05-19 10:12:25,852 [Worker-69] WARN  o.e.m.c.i.embedder.EclipseLogger - Using platform encoding (UTF-8 actually) to copy filtered resources, i.e. build is platform dependent!
2016-05-19 10:12:25,853 [Worker-69] INFO  o.e.m.c.i.embedder.EclipseLogger - skip non existing resourceDirectory /Users/timothybrunk/Desktop/game/SpaceRacer/src/test/resources
2016-05-19 10:12:42,879 [Worker-76] WARN  o.e.m.c.i.embedder.EclipseLogger - Using platform encoding (UTF-8 actually) to copy filtered resources, i.e. build is platform dependent!
2016-05-19 10:12:42,880 [Worker-76] INFO  o.e.m.c.i.embedder.EclipseLogger - skip non existing resourceDirectory /Users/timothybrunk/Desktop/game/SpaceRacer/src/main/resources
2016-05-19 10:12:42,881 [Worker-76] WARN  o.e.m.c.i.embedder.EclipseLogger - Using platform encoding (UTF-8 actually) to copy filtered resources, i.e. build is platform dependent!
2016-05-19 10:12:42,881 [Worker-76] INFO  o.e.m.c.i.embedder.EclipseLogger - skip non existing resourceDirectory /Users/timothybrunk/Desktop/game/SpaceRacer/src/test/resources
2016-05-19 10:13:22,694 [Worker-76] WARN  o.e.m.c.i.embedder.EclipseLogger - Using platform encoding (UTF-8 actually) to copy filtered resources, i.e. build is platform dependent!
2016-05-19 10:13:22,695 [Worker-76] INFO  o.e.m.c.i.embedder.EclipseLogger - skip non existing resourceDirectory /Users/timothybrunk/Desktop/game/SpaceRacer/src/main/resources
2016-05-19 10:13:22,696 [Worker-76] WARN  o.e.m.c.i.embedder.EclipseLogger - Using platform encoding (UTF-8 actually) to copy filtered resources, i.e. build is platform dependent!
2016-05-19 10:13:22,696 [Worker-76] INFO  o.e.m.c.i.embedder.EclipseLogger - skip non existing resourceDirectory /Users/timothybrunk/Desktop/game/SpaceRacer/src/test/resources
2016-05-19 10:13:39,001 [Worker-69] WARN  o.e.m.c.i.embedder.EclipseLogger - Using platform encoding (UTF-8 actually) to copy filtered resources, i.e. build is platform dependent!
2016-05-19 10:13:39,002 [Worker-69] INFO  o.e.m.c.i.embedder.EclipseLogger - skip non existing resourceDirectory /Users/timothybrunk/Desktop/game/SpaceRacer/src/main/resources
2016-05-19 10:13:39,003 [Worker-69] WARN  o.e.m.c.i.embedder.EclipseLogger - Using platform encoding (UTF-8 actually) to copy filtered resources, i.e. build is platform dependent!
2016-05-19 10:13:39,003 [Worker-69] INFO  o.e.m.c.i.embedder.EclipseLogger - skip non existing resourceDirectory /Users/timothybrunk/Desktop/game/SpaceRacer/src/test/resources
2016-05-19 10:13:51,299 [Worker-69] WARN  o.e.m.c.i.embedder.EclipseLogger - Using platform encoding (UTF-8 actually) to copy filtered resources, i.e. build is platform dependent!
2016-05-19 10:13:51,300 [Worker-69] INFO  o.e.m.c.i.embedder.EclipseLogger - skip non existing resourceDirectory /Users/timothybrunk/Desktop/game/SpaceRacer/src/main/resources
2016-05-19 10:13:51,301 [Worker-69] WARN  o.e.m.c.i.embedder.EclipseLogger - Using platform encoding (UTF-8 actually) to copy filtered resources, i.e. build is platform dependent!
2016-05-19 10:13:51,301 [Worker-69] INFO  o.e.m.c.i.embedder.EclipseLogger - skip non existing resourceDirectory /Users/timothybrunk/Desktop/game/SpaceRacer/src/test/resources
2016-05-19 10:13:54,663 [Worker-71] WARN  o.e.m.c.i.embedder.EclipseLogger - Using platform encoding (UTF-8 actually) to copy filtered resources, i.e. build is platform dependent!
2016-05-19 10:13:54,665 [Worker-71] INFO  o.e.m.c.i.embedder.EclipseLogger - skip non existing resourceDirectory /Users/timothybrunk/Desktop/game/SpaceRacer/src/main/resources
2016-05-19 10:13:54,666 [Worker-71] WARN  o.e.m.c.i.embedder.EclipseLogger - Using platform encoding (UTF-8 actually) to copy filtered resources, i.e. build is platform dependent!
2016-05-19 10:13:54,666 [Worker-71] INFO  o.e.m.c.i.embedder.EclipseLogger - skip non existing resourceDirectory /Users/timothybrunk/Desktop/game/SpaceRacer/src/test/resources
2016-05-19 10:14:13,148 [Worker-69] WARN  o.e.m.c.i.embedder.EclipseLogger - Using platform encoding (UTF-8 actually) to copy filtered resources, i.e. build is platform dependent!
2016-05-19 10:14:13,149 [Worker-69] INFO  o.e.m.c.i.embedder.EclipseLogger - skip non existing resourceDirectory /Users/timothybrunk/Desktop/game/SpaceRacer/src/main/resources
2016-05-19 10:14:13,151 [Worker-69] WARN  o.e.m.c.i.embedder.EclipseLogger - Using platform encoding (UTF-8 actually) to copy filtered resources, i.e. build is platform dependent!
2016-05-19 10:14:13,151 [Worker-69] INFO  o.e.m.c.i.embedder.EclipseLogger - skip non existing resourceDirectory /Users/timothybrunk/Desktop/game/SpaceRacer/src/test/resources
2016-05-19 10:16:55,966 [Worker-77] WARN  o.e.m.c.i.embedder.EclipseLogger - Using platform encoding (UTF-8 actually) to copy filtered resources, i.e. build is platform dependent!
2016-05-19 10:16:55,969 [Worker-77] INFO  o.e.m.c.i.embedder.EclipseLogger - skip non existing resourceDirectory /Users/timothybrunk/Desktop/game/SpaceRacer/src/main/resources
2016-05-19 10:16:55,970 [Worker-77] WARN  o.e.m.c.i.embedder.EclipseLogger - Using platform encoding (UTF-8 actually) to copy filtered resources, i.e. build is platform dependent!
2016-05-19 10:16:55,971 [Worker-77] INFO  o.e.m.c.i.embedder.EclipseLogger - skip non existing resourceDirectory /Users/timothybrunk/Desktop/game/SpaceRacer/src/test/resources
2016-05-19 10:17:00,449 [Worker-62] WARN  o.e.m.c.i.embedder.EclipseLogger - Using platform encoding (UTF-8 actually) to copy filtered resources, i.e. build is platform dependent!
2016-05-19 10:17:00,450 [Worker-62] INFO  o.e.m.c.i.embedder.EclipseLogger - skip non existing resourceDirectory /Users/timothybrunk/Desktop/game/SpaceRacer/src/main/resources
2016-05-19 10:17:00,451 [Worker-62] WARN  o.e.m.c.i.embedder.EclipseLogger - Using platform encoding (UTF-8 actually) to copy filtered resources, i.e. build is platform dependent!
2016-05-19 10:17:00,451 [Worker-62] INFO  o.e.m.c.i.embedder.EclipseLogger - skip non existing resourceDirectory /Users/timothybrunk/Desktop/game/SpaceRacer/src/test/resources
2016-05-19 10:18:05,239 [Worker-71] WARN  o.e.m.c.i.embedder.EclipseLogger - Using platform encoding (UTF-8 actually) to copy filtered resources, i.e. build is platform dependent!
2016-05-19 10:18:05,240 [Worker-71] INFO  o.e.m.c.i.embedder.EclipseLogger - skip non existing resourceDirectory /Users/timothybrunk/Desktop/game/SpaceRacer/src/main/resources
2016-05-19 10:18:05,241 [Worker-71] WARN  o.e.m.c.i.embedder.EclipseLogger - Using platform encoding (UTF-8 actually) to copy filtered resources, i.e. build is platform dependent!
2016-05-19 10:18:05,242 [Worker-71] INFO  o.e.m.c.i.embedder.EclipseLogger - skip non existing resourceDirectory /Users/timothybrunk/Desktop/game/SpaceRacer/src/test/resources
2016-05-19 10:19:09,556 [Worker-62] WARN  o.e.m.c.i.embedder.EclipseLogger - Using platform encoding (UTF-8 actually) to copy filtered resources, i.e. build is platform dependent!
2016-05-19 10:19:09,556 [Worker-62] INFO  o.e.m.c.i.embedder.EclipseLogger - skip non existing resourceDirectory /Users/timothybrunk/Desktop/game/SpaceRacer/src/main/resources
2016-05-19 10:19:09,557 [Worker-62] WARN  o.e.m.c.i.embedder.EclipseLogger - Using platform encoding (UTF-8 actually) to copy filtered resources, i.e. build is platform dependent!
2016-05-19 10:19:09,558 [Worker-62] INFO  o.e.m.c.i.embedder.EclipseLogger - skip non existing resourceDirectory /Users/timothybrunk/Desktop/game/SpaceRacer/src/test/resources
2016-05-19 10:19:19,549 [Worker-62] WARN  o.e.m.c.i.embedder.EclipseLogger - Using platform encoding (UTF-8 actually) to copy filtered resources, i.e. build is platform dependent!
2016-05-19 10:19:19,550 [Worker-62] INFO  o.e.m.c.i.embedder.EclipseLogger - skip non existing resourceDirectory /Users/timothybrunk/Desktop/game/SpaceRacer/src/main/resources
2016-05-19 10:19:19,551 [Worker-62] WARN  o.e.m.c.i.embedder.EclipseLogger - Using platform encoding (UTF-8 actually) to copy filtered resources, i.e. build is platform dependent!
2016-05-19 10:19:19,551 [Worker-62] INFO  o.e.m.c.i.embedder.EclipseLogger - skip non existing resourceDirectory /Users/timothybrunk/Desktop/game/SpaceRacer/src/test/resources
2016-05-19 10:19:47,924 [Worker-62] WARN  o.e.m.c.i.embedder.EclipseLogger - Using platform encoding (UTF-8 actually) to copy filtered resources, i.e. build is platform dependent!
2016-05-19 10:19:47,925 [Worker-62] INFO  o.e.m.c.i.embedder.EclipseLogger - skip non existing resourceDirectory /Users/timothybrunk/Desktop/game/SpaceRacer/src/main/resources
2016-05-19 10:19:47,926 [Worker-62] WARN  o.e.m.c.i.embedder.EclipseLogger - Using platform encoding (UTF-8 actually) to copy filtered resources, i.e. build is platform dependent!
2016-05-19 10:19:47,927 [Worker-62] INFO  o.e.m.c.i.embedder.EclipseLogger - skip non existing resourceDirectory /Users/timothybrunk/Desktop/game/SpaceRacer/src/test/resources
2016-05-19 10:20:05,448 [Worker-75] WARN  o.e.m.c.i.embedder.EclipseLogger - Using platform encoding (UTF-8 actually) to copy filtered resources, i.e. build is platform dependent!
2016-05-19 10:20:05,448 [Worker-75] INFO  o.e.m.c.i.embedder.EclipseLogger - skip non existing resourceDirectory /Users/timothybrunk/Desktop/game/SpaceRacer/src/main/resources
2016-05-19 10:20:05,449 [Worker-75] WARN  o.e.m.c.i.embedder.EclipseLogger - Using platform encoding (UTF-8 actually) to copy filtered resources, i.e. build is platform dependent!
2016-05-19 10:20:05,450 [Worker-75] INFO  o.e.m.c.i.embedder.EclipseLogger - skip non existing resourceDirectory /Users/timothybrunk/Desktop/game/SpaceRacer/src/test/resources
2016-05-19 10:20:36,612 [Worker-76] WARN  o.e.m.c.i.embedder.EclipseLogger - Using platform encoding (UTF-8 actually) to copy filtered resources, i.e. build is platform dependent!
2016-05-19 10:20:36,613 [Worker-76] INFO  o.e.m.c.i.embedder.EclipseLogger - skip non existing resourceDirectory /Users/timothybrunk/Desktop/game/SpaceRacer/src/main/resources
2016-05-19 10:20:36,613 [Worker-76] WARN  o.e.m.c.i.embedder.EclipseLogger - Using platform encoding (UTF-8 actually) to copy filtered resources, i.e. build is platform dependent!
2016-05-19 10:20:36,613 [Worker-76] INFO  o.e.m.c.i.embedder.EclipseLogger - skip non existing resourceDirectory /Users/timothybrunk/Desktop/game/SpaceRacer/src/test/resources
2016-05-19 10:21:32,312 [Worker-75] WARN  o.e.m.c.i.embedder.EclipseLogger - Using platform encoding (UTF-8 actually) to copy filtered resources, i.e. build is platform dependent!
2016-05-19 10:21:32,312 [Worker-75] INFO  o.e.m.c.i.embedder.EclipseLogger - skip non existing resourceDirectory /Users/timothybrunk/Desktop/game/SpaceRacer/src/main/resources
2016-05-19 10:21:32,313 [Worker-75] WARN  o.e.m.c.i.embedder.EclipseLogger - Using platform encoding (UTF-8 actually) to copy filtered resources, i.e. build is platform dependent!
2016-05-19 10:21:32,313 [Worker-75] INFO  o.e.m.c.i.embedder.EclipseLogger - skip non existing resourceDirectory /Users/timothybrunk/Desktop/game/SpaceRacer/src/test/resources
2016-05-19 10:21:34,577 [Worker-71] WARN  o.e.m.c.i.embedder.EclipseLogger - Using platform encoding (UTF-8 actually) to copy filtered resources, i.e. build is platform dependent!
2016-05-19 10:21:34,578 [Worker-71] INFO  o.e.m.c.i.embedder.EclipseLogger - skip non existing resourceDirectory /Users/timothybrunk/Desktop/game/SpaceRacer/src/main/resources
2016-05-19 10:21:34,579 [Worker-71] WARN  o.e.m.c.i.embedder.EclipseLogger - Using platform encoding (UTF-8 actually) to copy filtered resources, i.e. build is platform dependent!
2016-05-19 10:21:34,579 [Worker-71] INFO  o.e.m.c.i.embedder.EclipseLogger - skip non existing resourceDirectory /Users/timothybrunk/Desktop/game/SpaceRacer/src/test/resources
2016-05-19 10:24:46,365 [Worker-78] WARN  o.e.m.c.i.embedder.EclipseLogger - Using platform encoding (UTF-8 actually) to copy filtered resources, i.e. build is platform dependent!
2016-05-19 10:24:46,366 [Worker-78] INFO  o.e.m.c.i.embedder.EclipseLogger - skip non existing resourceDirectory /Users/timothybrunk/Desktop/game/SpaceRacer/src/main/resources
2016-05-19 10:24:46,367 [Worker-78] WARN  o.e.m.c.i.embedder.EclipseLogger - Using platform encoding (UTF-8 actually) to copy filtered resources, i.e. build is platform dependent!
2016-05-19 10:24:46,368 [Worker-78] INFO  o.e.m.c.i.embedder.EclipseLogger - skip non existing resourceDirectory /Users/timothybrunk/Desktop/game/SpaceRacer/src/test/resources
2016-05-19 10:24:48,723 [Worker-78] WARN  o.e.m.c.i.embedder.EclipseLogger - Using platform encoding (UTF-8 actually) to copy filtered resources, i.e. build is platform dependent!
2016-05-19 10:24:48,724 [Worker-78] INFO  o.e.m.c.i.embedder.EclipseLogger - skip non existing resourceDirectory /Users/timothybrunk/Desktop/game/SpaceRacer/src/main/resources
2016-05-19 10:24:48,725 [Worker-78] WARN  o.e.m.c.i.embedder.EclipseLogger - Using platform encoding (UTF-8 actually) to copy filtered resources, i.e. build is platform dependent!
2016-05-19 10:24:48,726 [Worker-78] INFO  o.e.m.c.i.embedder.EclipseLogger - skip non existing resourceDirectory /Users/timothybrunk/Desktop/game/SpaceRacer/src/test/resources
2016-05-19 10:27:09,609 [Worker-75] WARN  o.e.m.c.i.embedder.EclipseLogger - Using platform encoding (UTF-8 actually) to copy filtered resources, i.e. build is platform dependent!
2016-05-19 10:27:09,610 [Worker-75] INFO  o.e.m.c.i.embedder.EclipseLogger - skip non existing resourceDirectory /Users/timothybrunk/Desktop/game/SpaceRacer/src/main/resources
2016-05-19 10:27:09,611 [Worker-75] WARN  o.e.m.c.i.embedder.EclipseLogger - Using platform encoding (UTF-8 actually) to copy filtered resources, i.e. build is platform dependent!
2016-05-19 10:27:09,612 [Worker-75] INFO  o.e.m.c.i.embedder.EclipseLogger - skip non existing resourceDirectory /Users/timothybrunk/Desktop/game/SpaceRacer/src/test/resources
2016-05-19 10:33:43,618 [Worker-78] WARN  o.e.m.c.i.embedder.EclipseLogger - Using platform encoding (UTF-8 actually) to copy filtered resources, i.e. build is platform dependent!
2016-05-19 10:33:43,618 [Worker-78] INFO  o.e.m.c.i.embedder.EclipseLogger - skip non existing resourceDirectory /Users/timothybrunk/Desktop/game/SpaceRacer/src/main/resources
2016-05-19 10:33:43,619 [Worker-78] WARN  o.e.m.c.i.embedder.EclipseLogger - Using platform encoding (UTF-8 actually) to copy filtered resources, i.e. build is platform dependent!
2016-05-19 10:33:43,620 [Worker-78] INFO  o.e.m.c.i.embedder.EclipseLogger - skip non existing resourceDirectory /Users/timothybrunk/Desktop/game/SpaceRacer/src/test/resources
2016-05-19 10:33:45,660 [Worker-79] WARN  o.e.m.c.i.embedder.EclipseLogger - Using platform encoding (UTF-8 actually) to copy filtered resources, i.e. build is platform dependent!
2016-05-19 10:33:45,661 [Worker-79] INFO  o.e.m.c.i.embedder.EclipseLogger - skip non existing resourceDirectory /Users/timothybrunk/Desktop/game/SpaceRacer/src/main/resources
2016-05-19 10:33:45,662 [Worker-79] WARN  o.e.m.c.i.embedder.EclipseLogger - Using platform encoding (UTF-8 actually) to copy filtered resources, i.e. build is platform dependent!
2016-05-19 10:33:45,663 [Worker-79] INFO  o.e.m.c.i.embedder.EclipseLogger - skip non existing resourceDirectory /Users/timothybrunk/Desktop/game/SpaceRacer/src/test/resources
2016-05-19 10:33:56,750 [Worker-79] WARN  o.e.m.c.i.embedder.EclipseLogger - Using platform encoding (UTF-8 actually) to copy filtered resources, i.e. build is platform dependent!
2016-05-19 10:33:56,751 [Worker-79] INFO  o.e.m.c.i.embedder.EclipseLogger - skip non existing resourceDirectory /Users/timothybrunk/Desktop/game/SpaceRacer/src/main/resources
2016-05-19 10:33:56,752 [Worker-79] WARN  o.e.m.c.i.embedder.EclipseLogger - Using platform encoding (UTF-8 actually) to copy filtered resources, i.e. build is platform dependent!
2016-05-19 10:33:56,752 [Worker-79] INFO  o.e.m.c.i.embedder.EclipseLogger - skip non existing resourceDirectory /Users/timothybrunk/Desktop/game/SpaceRacer/src/test/resources
2016-05-19 10:34:07,837 [Worker-75] WARN  o.e.m.c.i.embedder.EclipseLogger - Using platform encoding (UTF-8 actually) to copy filtered resources, i.e. build is platform dependent!
2016-05-19 10:34:07,837 [Worker-75] INFO  o.e.m.c.i.embedder.EclipseLogger - skip non existing resourceDirectory /Users/timothybrunk/Desktop/game/SpaceRacer/src/main/resources
2016-05-19 10:34:07,838 [Worker-75] WARN  o.e.m.c.i.embedder.EclipseLogger - Using platform encoding (UTF-8 actually) to copy filtered resources, i.e. build is platform dependent!
2016-05-19 10:34:07,839 [Worker-75] INFO  o.e.m.c.i.embedder.EclipseLogger - skip non existing resourceDirectory /Users/timothybrunk/Desktop/game/SpaceRacer/src/test/resources
2016-05-19 10:35:02,589 [Worker-79] WARN  o.e.m.c.i.embedder.EclipseLogger - Using platform encoding (UTF-8 actually) to copy filtered resources, i.e. build is platform dependent!
2016-05-19 10:35:02,589 [Worker-79] INFO  o.e.m.c.i.embedder.EclipseLogger - skip non existing resourceDirectory /Users/timothybrunk/Desktop/game/SpaceRacer/src/main/resources
2016-05-19 10:35:02,590 [Worker-79] WARN  o.e.m.c.i.embedder.EclipseLogger - Using platform encoding (UTF-8 actually) to copy filtered resources, i.e. build is platform dependent!
2016-05-19 10:35:02,591 [Worker-79] INFO  o.e.m.c.i.embedder.EclipseLogger - skip non existing resourceDirectory /Users/timothybrunk/Desktop/game/SpaceRacer/src/test/resources
2016-05-19 10:35:05,180 [Worker-81] WARN  o.e.m.c.i.embedder.EclipseLogger - Using platform encoding (UTF-8 actually) to copy filtered resources, i.e. build is platform dependent!
2016-05-19 10:35:05,181 [Worker-81] INFO  o.e.m.c.i.embedder.EclipseLogger - skip non existing resourceDirectory /Users/timothybrunk/Desktop/game/SpaceRacer/src/main/resources
2016-05-19 10:35:05,182 [Worker-81] WARN  o.e.m.c.i.embedder.EclipseLogger - Using platform encoding (UTF-8 actually) to copy filtered resources, i.e. build is platform dependent!
2016-05-19 10:35:05,182 [Worker-81] INFO  o.e.m.c.i.embedder.EclipseLogger - skip non existing resourceDirectory /Users/timothybrunk/Desktop/game/SpaceRacer/src/test/resources
2016-05-19 10:35:10,763 [Worker-78] WARN  o.e.m.c.i.embedder.EclipseLogger - Using platform encoding (UTF-8 actually) to copy filtered resources, i.e. build is platform dependent!
2016-05-19 10:35:10,763 [Worker-78] INFO  o.e.m.c.i.embedder.EclipseLogger - skip non existing resourceDirectory /Users/timothybrunk/Desktop/game/SpaceRacer/src/main/resources
2016-05-19 10:35:10,764 [Worker-78] WARN  o.e.m.c.i.embedder.EclipseLogger - Using platform encoding (UTF-8 actually) to copy filtered resources, i.e. build is platform dependent!
2016-05-19 10:35:10,765 [Worker-78] INFO  o.e.m.c.i.embedder.EclipseLogger - skip non existing resourceDirectory /Users/timothybrunk/Desktop/game/SpaceRacer/src/test/resources
2016-05-19 10:35:21,101 [Worker-78] WARN  o.e.m.c.i.embedder.EclipseLogger - Using platform encoding (UTF-8 actually) to copy filtered resources, i.e. build is platform dependent!
2016-05-19 10:35:21,102 [Worker-78] INFO  o.e.m.c.i.embedder.EclipseLogger - skip non existing resourceDirectory /Users/timothybrunk/Desktop/game/SpaceRacer/src/main/resources
2016-05-19 10:35:21,103 [Worker-78] WARN  o.e.m.c.i.embedder.EclipseLogger - Using platform encoding (UTF-8 actually) to copy filtered resources, i.e. build is platform dependent!
2016-05-19 10:35:21,104 [Worker-78] INFO  o.e.m.c.i.embedder.EclipseLogger - skip non existing resourceDirectory /Users/timothybrunk/Desktop/game/SpaceRacer/src/test/resources
2016-05-19 10:35:45,398 [Worker-77] WARN  o.e.m.c.i.embedder.EclipseLogger - Using platform encoding (UTF-8 actually) to copy filtered resources, i.e. build is platform dependent!
2016-05-19 10:35:45,400 [Worker-77] INFO  o.e.m.c.i.embedder.EclipseLogger - skip non existing resourceDirectory /Users/timothybrunk/Desktop/game/SpaceRacer/src/main/resources
2016-05-19 10:35:45,401 [Worker-77] WARN  o.e.m.c.i.embedder.EclipseLogger - Using platform encoding (UTF-8 actually) to copy filtered resources, i.e. build is platform dependent!
2016-05-19 10:35:45,402 [Worker-77] INFO  o.e.m.c.i.embedder.EclipseLogger - skip non existing resourceDirectory /Users/timothybrunk/Desktop/game/SpaceRacer/src/test/resources
2016-05-19 10:43:31,170 [Worker-80] WARN  o.e.m.c.i.embedder.EclipseLogger - Using platform encoding (UTF-8 actually) to copy filtered resources, i.e. build is platform dependent!
2016-05-19 10:43:31,172 [Worker-80] INFO  o.e.m.c.i.embedder.EclipseLogger - skip non existing resourceDirectory /Users/timothybrunk/Desktop/game/SpaceRacer/src/main/resources
2016-05-19 10:43:31,173 [Worker-80] WARN  o.e.m.c.i.embedder.EclipseLogger - Using platform encoding (UTF-8 actually) to copy filtered resources, i.e. build is platform dependent!
2016-05-19 10:43:31,174 [Worker-80] INFO  o.e.m.c.i.embedder.EclipseLogger - skip non existing resourceDirectory /Users/timothybrunk/Desktop/game/SpaceRacer/src/test/resources
2016-05-19 10:44:04,906 [Worker-81] WARN  o.e.m.c.i.embedder.EclipseLogger - Using platform encoding (UTF-8 actually) to copy filtered resources, i.e. build is platform dependent!
2016-05-19 10:44:04,907 [Worker-81] INFO  o.e.m.c.i.embedder.EclipseLogger - skip non existing resourceDirectory /Users/timothybrunk/Desktop/game/SpaceRacer/src/main/resources
2016-05-19 10:44:04,908 [Worker-81] WARN  o.e.m.c.i.embedder.EclipseLogger - Using platform encoding (UTF-8 actually) to copy filtered resources, i.e. build is platform dependent!
2016-05-19 10:44:04,909 [Worker-81] INFO  o.e.m.c.i.embedder.EclipseLogger - skip non existing resourceDirectory /Users/timothybrunk/Desktop/game/SpaceRacer/src/test/resources
2016-05-19 10:44:58,414 [Worker-80] WARN  o.e.m.c.i.embedder.EclipseLogger - Using platform encoding (UTF-8 actually) to copy filtered resources, i.e. build is platform dependent!
2016-05-19 10:44:58,415 [Worker-80] INFO  o.e.m.c.i.embedder.EclipseLogger - skip non existing resourceDirectory /Users/timothybrunk/Desktop/game/SpaceRacer/src/main/resources
2016-05-19 10:44:58,415 [Worker-80] WARN  o.e.m.c.i.embedder.EclipseLogger - Using platform encoding (UTF-8 actually) to copy filtered resources, i.e. build is platform dependent!
2016-05-19 10:44:58,416 [Worker-80] INFO  o.e.m.c.i.embedder.EclipseLogger - skip non existing resourceDirectory /Users/timothybrunk/Desktop/game/SpaceRacer/src/test/resources
2016-05-19 10:46:20,051 [Worker-83] WARN  o.e.m.c.i.embedder.EclipseLogger - Using platform encoding (UTF-8 actually) to copy filtered resources, i.e. build is platform dependent!
2016-05-19 10:46:20,052 [Worker-83] INFO  o.e.m.c.i.embedder.EclipseLogger - skip non existing resourceDirectory /Users/timothybrunk/Desktop/game/SpaceRacer/src/main/resources
2016-05-19 10:46:20,053 [Worker-83] WARN  o.e.m.c.i.embedder.EclipseLogger - Using platform encoding (UTF-8 actually) to copy filtered resources, i.e. build is platform dependent!
2016-05-19 10:46:20,054 [Worker-83] INFO  o.e.m.c.i.embedder.EclipseLogger - skip non existing resourceDirectory /Users/timothybrunk/Desktop/game/SpaceRacer/src/test/resources
2016-05-19 10:49:56,105 [Worker-71] WARN  o.e.m.c.i.embedder.EclipseLogger - Using platform encoding (UTF-8 actually) to copy filtered resources, i.e. build is platform dependent!
2016-05-19 10:49:56,108 [Worker-71] INFO  o.e.m.c.i.embedder.EclipseLogger - skip non existing resourceDirectory /Users/timothybrunk/Desktop/game/SpaceRacer/src/main/resources
2016-05-19 10:49:56,108 [Worker-71] WARN  o.e.m.c.i.embedder.EclipseLogger - Using platform encoding (UTF-8 actually) to copy filtered resources, i.e. build is platform dependent!
2016-05-19 10:49:56,109 [Worker-71] INFO  o.e.m.c.i.embedder.EclipseLogger - skip non existing resourceDirectory /Users/timothybrunk/Desktop/game/SpaceRacer/src/test/resources
2016-05-19 10:50:09,048 [Worker-79] WARN  o.e.m.c.i.embedder.EclipseLogger - Using platform encoding (UTF-8 actually) to copy filtered resources, i.e. build is platform dependent!
2016-05-19 10:50:09,050 [Worker-79] INFO  o.e.m.c.i.embedder.EclipseLogger - skip non existing resourceDirectory /Users/timothybrunk/Desktop/game/SpaceRacer/src/main/resources
2016-05-19 10:50:09,051 [Worker-79] WARN  o.e.m.c.i.embedder.EclipseLogger - Using platform encoding (UTF-8 actually) to copy filtered resources, i.e. build is platform dependent!
2016-05-19 10:50:09,052 [Worker-79] INFO  o.e.m.c.i.embedder.EclipseLogger - skip non existing resourceDirectory /Users/timothybrunk/Desktop/game/SpaceRacer/src/test/resources
2016-05-19 10:50:28,111 [Worker-80] WARN  o.e.m.c.i.embedder.EclipseLogger - Using platform encoding (UTF-8 actually) to copy filtered resources, i.e. build is platform dependent!
2016-05-19 10:50:28,113 [Worker-80] INFO  o.e.m.c.i.embedder.EclipseLogger - skip non existing resourceDirectory /Users/timothybrunk/Desktop/game/SpaceRacer/src/main/resources
2016-05-19 10:50:28,115 [Worker-80] WARN  o.e.m.c.i.embedder.EclipseLogger - Using platform encoding (UTF-8 actually) to copy filtered resources, i.e. build is platform dependent!
2016-05-19 10:50:28,115 [Worker-80] INFO  o.e.m.c.i.embedder.EclipseLogger - skip non existing resourceDirectory /Users/timothybrunk/Desktop/game/SpaceRacer/src/test/resources
2016-05-19 10:51:38,400 [Worker-82] WARN  o.e.m.c.i.embedder.EclipseLogger - Using platform encoding (UTF-8 actually) to copy filtered resources, i.e. build is platform dependent!
2016-05-19 10:51:38,402 [Worker-82] INFO  o.e.m.c.i.embedder.EclipseLogger - skip non existing resourceDirectory /Users/timothybrunk/Desktop/game/SpaceRacer/src/main/resources
2016-05-19 10:51:38,403 [Worker-82] WARN  o.e.m.c.i.embedder.EclipseLogger - Using platform encoding (UTF-8 actually) to copy filtered resources, i.e. build is platform dependent!
2016-05-19 10:51:38,404 [Worker-82] INFO  o.e.m.c.i.embedder.EclipseLogger - skip non existing resourceDirectory /Users/timothybrunk/Desktop/game/SpaceRacer/src/test/resources
2016-05-19 10:51:42,628 [Worker-79] WARN  o.e.m.c.i.embedder.EclipseLogger - Using platform encoding (UTF-8 actually) to copy filtered resources, i.e. build is platform dependent!
2016-05-19 10:51:42,629 [Worker-79] INFO  o.e.m.c.i.embedder.EclipseLogger - skip non existing resourceDirectory /Users/timothybrunk/Desktop/game/SpaceRacer/src/main/resources
2016-05-19 10:51:42,629 [Worker-79] WARN  o.e.m.c.i.embedder.EclipseLogger - Using platform encoding (UTF-8 actually) to copy filtered resources, i.e. build is platform dependent!
2016-05-19 10:51:42,630 [Worker-79] INFO  o.e.m.c.i.embedder.EclipseLogger - skip non existing resourceDirectory /Users/timothybrunk/Desktop/game/SpaceRacer/src/test/resources
2016-05-19 10:51:54,501 [Worker-82] WARN  o.e.m.c.i.embedder.EclipseLogger - Using platform encoding (UTF-8 actually) to copy filtered resources, i.e. build is platform dependent!
2016-05-19 10:51:54,501 [Worker-82] INFO  o.e.m.c.i.embedder.EclipseLogger - skip non existing resourceDirectory /Users/timothybrunk/Desktop/game/SpaceRacer/src/main/resources
2016-05-19 10:51:54,502 [Worker-82] WARN  o.e.m.c.i.embedder.EclipseLogger - Using platform encoding (UTF-8 actually) to copy filtered resources, i.e. build is platform dependent!
2016-05-19 10:51:54,503 [Worker-82] INFO  o.e.m.c.i.embedder.EclipseLogger - skip non existing resourceDirectory /Users/timothybrunk/Desktop/game/SpaceRacer/src/test/resources
2016-05-19 10:52:04,360 [Worker-82] WARN  o.e.m.c.i.embedder.EclipseLogger - Using platform encoding (UTF-8 actually) to copy filtered resources, i.e. build is platform dependent!
2016-05-19 10:52:04,361 [Worker-82] INFO  o.e.m.c.i.embedder.EclipseLogger - skip non existing resourceDirectory /Users/timothybrunk/Desktop/game/SpaceRacer/src/main/resources
2016-05-19 10:52:04,362 [Worker-82] WARN  o.e.m.c.i.embedder.EclipseLogger - Using platform encoding (UTF-8 actually) to copy filtered resources, i.e. build is platform dependent!
2016-05-19 10:52:04,362 [Worker-82] INFO  o.e.m.c.i.embedder.EclipseLogger - skip non existing resourceDirectory /Users/timothybrunk/Desktop/game/SpaceRacer/src/test/resources
